<?xml version="1.0" encoding="UTF-8"?>
<!-- Generated by org.testng.reporters.JUnitReportReporter -->
<testsuite hostname="lENOVO-PC" failures="0" tests="6" name="api.test.DDTests" time="10.790" errors="0" timestamp="2023-06-10T06:25:16 IST" skipped="0">
  <testcase classname="api.test.DDTests" name="testPostUser" time="1.804"/>
  <system-out/>
  <testcase classname="api.test.DDTests" name="testPostUser" time="1.943"/>
  <system-out/>
  <testcase classname="api.test.DDTests" name="testPostUser" time="1.917"/>
  <system-out/>
  <testcase classname="api.test.DDTests" name="testDeleteUserByName" time="1.536"/>
  <system-out/>
  <testcase classname="api.test.DDTests" name="testDeleteUserByName" time="1.664"/>
  <system-out/>
  <testcase classname="api.test.DDTests" name="testDeleteUserByName" time="1.926"/>
  <system-out/>
</testsuite> <!-- api.test.DDTests -->
