<?xml version="1.0" encoding="UTF-8"?>
<!-- Generated by org.testng.reporters.JUnitReportReporter -->
<testsuite hostname="lENOVO-PC" failures="0" tests="4" name="api.test.UserTests" time="28.170" errors="0" timestamp="2023-06-10T06:25:16 IST" skipped="0">
  <testcase classname="api.test.UserTests" name="test_postUser" time="13.687"/>
  <system-out/>
  <testcase classname="api.test.UserTests" name="testGetUserByName" time="1.979"/>
  <system-out/>
  <testcase classname="api.test.UserTests" name="testUpdateUserByName" time="10.475"/>
  <system-out/>
  <testcase classname="api.test.UserTests" name="testDeleteUserByName" time="2.029"/>
  <system-out/>
</testsuite> <!-- api.test.UserTests -->
