<?xml version="1.0" encoding="UTF-8"?>
<!-- Generated by org.testng.reporters.JUnitReportReporter -->
<testsuite hostname="lENOVO-PC" failures="0" tests="4" name="api.test.UserTests2" time="25.438" errors="0" timestamp="2023-06-10T07:12:34 IST" skipped="0">
  <testcase classname="api.test.UserTests2" name="test_postUser" time="15.411"/>
  <system-out/>
  <testcase classname="api.test.UserTests2" name="testGetUserByName" time="2.225"/>
  <system-out/>
  <testcase classname="api.test.UserTests2" name="testUpdateUserByName" time="6.150"/>
  <system-out/>
  <testcase classname="api.test.UserTests2" name="testDeleteUserByName" time="1.652"/>
  <system-out/>
</testsuite> <!-- api.test.UserTests2 -->
